<?xml version="1.0" encoding="UTF-8"?>
<!-- Generated by org.testng.reporters.JUnitReportReporter -->
<testsuite hostname="DESKTOP-GE4GJ1U" failures="0" tests="4" name="DataProvider.ToLearnDataProvider" time="77.814" errors="0" timestamp="2025-06-17T12:58:24 IST" skipped="0">
  <testcase classname="DataProvider.ToLearnDataProvider" name="login" time="39.035"/>
  <testcase classname="DataProvider.ToLearnDataProvider" name="login" time="12.636"/>
  <testcase classname="DataProvider.ToLearnDataProvider" name="login" time="11.742"/>
  <testcase classname="DataProvider.ToLearnDataProvider" name="login" time="14.401"/>
</testsuite> <!-- DataProvider.ToLearnDataProvider -->
