<?xml version="1.0" encoding="UTF-8"?>
<!-- Generated by org.testng.reporters.JUnitReportReporter -->
<testsuite hostname="DESKTOP-GE4GJ1U" failures="0" tests="1" name="testNG.ToLearnTestNG" time="0.041" errors="0" timestamp="2025-06-06T13:03:34 IST" skipped="0">
  <testcase classname="testNG.ToLearnTestNG" name="demo" time="0.041">
    <system-out>
      <![CDATA[Welcome to TestNG]]>
    </system-out>
  </testcase> <!-- demo -->
  <system-out>
    <![CDATA[Welcome to TestNG]]>
  </system-out>
</testsuite> <!-- testNG.ToLearnTestNG -->
