<?xml version="1.0" encoding="UTF-8"?>
<!-- Generated by org.testng.reporters.JUnitReportReporter -->
<testsuite hostname="DESKTOP-GE4GJ1U" failures="0" tests="11" name="testNG.AnnotationAtrributes" time="402.055" errors="0" timestamp="2025-06-09T13:12:45 IST" skipped="0">
  <testcase classname="testNG.AnnotationAtrributes" name="register" time="42.312">
    <system-out>
      <![CDATA[Registered Succesfully]]>
    </system-out>
  </testcase> <!-- register -->
  <testcase classname="testNG.AnnotationAtrributes" name="register" time="41.946">
    <system-out>
      <![CDATA[Registered Succesfully]]>
    </system-out>
  </testcase> <!-- register -->
  <testcase classname="testNG.AnnotationAtrributes" name="register" time="36.681">
    <system-out>
      <![CDATA[Registered Succesfully]]>
    </system-out>
  </testcase> <!-- register -->
  <testcase classname="testNG.AnnotationAtrributes" name="register" time="33.748">
    <system-out>
      <![CDATA[Registered Succesfully]]>
    </system-out>
  </testcase> <!-- register -->
  <testcase classname="testNG.AnnotationAtrributes" name="register" time="41.496">
    <system-out>
      <![CDATA[Registered Succesfully]]>
    </system-out>
  </testcase> <!-- register -->
  <testcase classname="testNG.AnnotationAtrributes" name="register" time="42.043">
    <system-out>
      <![CDATA[Registered Succesfully]]>
    </system-out>
  </testcase> <!-- register -->
  <testcase classname="testNG.AnnotationAtrributes" name="register" time="35.057">
    <system-out>
      <![CDATA[Registered Succesfully]]>
    </system-out>
  </testcase> <!-- register -->
  <testcase classname="testNG.AnnotationAtrributes" name="register" time="38.828">
    <system-out>
      <![CDATA[Registered Succesfully]]>
    </system-out>
  </testcase> <!-- register -->
  <testcase classname="testNG.AnnotationAtrributes" name="register" time="29.345">
    <system-out>
      <![CDATA[Registered Succesfully]]>
    </system-out>
  </testcase> <!-- register -->
  <testcase classname="testNG.AnnotationAtrributes" name="register" time="42.480">
    <system-out>
      <![CDATA[Registered Succesfully]]>
    </system-out>
  </testcase> <!-- register -->
  <testcase classname="testNG.AnnotationAtrributes" name="login" time="18.119">
    <system-out>
      <![CDATA[Logged Sucessfully]]>
    </system-out>
  </testcase> <!-- login -->
  <system-out>
    <![CDATA[Registered Succesfully
Registered Succesfully
Registered Succesfully
Registered Succesfully
Registered Succesfully
Registered Succesfully
Registered Succesfully
Registered Succesfully
Registered Succesfully
Registered Succesfully
Logged Sucessfully]]>
  </system-out>
</testsuite> <!-- testNG.AnnotationAtrributes -->
