<?xml version="1.0" encoding="UTF-8"?>
<!-- Generated by org.testng.reporters.JUnitReportReporter -->
<testsuite hostname="DESKTOP-GE4GJ1U" failures="0" tests="2" name="testNG.MultipleTestClass" time="0.062" errors="0" timestamp="2025-06-07T22:52:55 IST" skipped="0">
  <testcase classname="testNG.MultipleTestClass" name="sample" time="0.010">
    <system-out>
      <![CDATA[Sample test cases exucated]]>
    </system-out>
  </testcase> <!-- sample -->
  <testcase classname="testNG.MultipleTestClass" name="demo" time="0.052">
    <system-out>
      <![CDATA[Demo test cases executed]]>
    </system-out>
  </testcase> <!-- demo -->
  <system-out>
    <![CDATA[Demo test cases executed
Sample test cases exucated]]>
  </system-out>
</testsuite> <!-- testNG.MultipleTestClass -->
