<?xml version="1.0" encoding="UTF-8"?>
<!-- Generated by org.testng.reporters.JUnitReportReporter -->
<testsuite hostname="DESKTOP-GE4GJ1U" failures="0" tests="3" name="testNG.dependsOnMethods" time="42.727" errors="0" timestamp="2025-06-09T13:39:16 IST" skipped="0">
  <testcase classname="testNG.dependsOnMethods" name="addTocart" time="8.892">
    <system-out>
      <![CDATA[product add to cart Successfuly]]>
    </system-out>
  </testcase> <!-- addTocart -->
  <testcase classname="testNG.dependsOnMethods" name="login" time="10.118">
    <system-out>
      <![CDATA[Logged Sucessfully]]>
    </system-out>
  </testcase> <!-- login -->
  <testcase classname="testNG.dependsOnMethods" name="register" time="23.717">
    <system-out>
      <![CDATA[Registered Succesfully]]>
    </system-out>
  </testcase> <!-- register -->
  <system-out>
    <![CDATA[Registered Succesfully
Logged Sucessfully
product add to cart Successfuly]]>
  </system-out>
</testsuite> <!-- testNG.dependsOnMethods -->
