<?xml version="1.0" encoding="UTF-8"?>
<!-- Generated by org.testng.reporters.JUnitReportReporter -->
<testsuite hostname="DESKTOP-GE4GJ1U" failures="0" tests="2" name="testNG.ConfigurationAnnotations" time="0.172" errors="0" timestamp="2025-06-13T12:54:55 IST" skipped="0">
  <testcase classname="testNG.ConfigurationAnnotations" name="demo" time="0.053">
    <system-out>
      <![CDATA[@Test(demo) executed]]>
    </system-out>
  </testcase> <!-- demo -->
  <testcase classname="testNG.ConfigurationAnnotations" name="sample" time="0.119">
    <system-out>
      <![CDATA[@Test(sample) executed]]>
    </system-out>
  </testcase> <!-- sample -->
  <system-out>
    <![CDATA[@BeforeSuite
@BeforeTest
@BeforeClass
@BeforeMethod
@Test(demo) executed
@AfterMethod
@BeforeMethod
@Test(sample) executed
@AfterMethod
@AfterClass
@AfterTest
@AfterSuite]]>
  </system-out>
</testsuite> <!-- testNG.ConfigurationAnnotations -->
