<?xml version="1.0" encoding="UTF-8"?>
<!-- Generated by org.testng.reporters.JUnitReportReporter -->
<testsuite hostname="DESKTOP-GE4GJ1U" failures="0" tests="5" name="testNG.enabledFalse" time="44.635" errors="0" timestamp="2025-06-09T13:23:43 IST" skipped="1">
  <testcase classname="testNG.enabledFalse" name="register" time="8.367">
    <system-out>
      <![CDATA[Registered Succesfully]]>
    </system-out>
  </testcase> <!-- register -->
  <testcase classname="testNG.enabledFalse" name="register" time="9.650">
    <system-out>
      <![CDATA[Registered Succesfully]]>
    </system-out>
  </testcase> <!-- register -->
  <testcase classname="testNG.enabledFalse" name="register" time="6.293">
    <system-out>
      <![CDATA[Registered Succesfully]]>
    </system-out>
  </testcase> <!-- register -->
  <testcase classname="testNG.enabledFalse" name="register" time="20.325">
    <system-out>
      <![CDATA[Registered Succesfully]]>
    </system-out>
  </testcase> <!-- register -->
  <testcase classname="testNG.enabledFalse" name="login">
    <skipped/>
  </testcase> <!-- login -->
  <system-out>
    <![CDATA[Registered Succesfully
Registered Succesfully
Registered Succesfully
Registered Succesfully]]>
  </system-out>
</testsuite> <!-- testNG.enabledFalse -->
