<?xml version="1.0" encoding="UTF-8"?>
<!-- Generated by org.testng.reporters.JUnitReportReporter -->
<testsuite hostname="DESKTOP-GE4GJ1U" failures="0" tests="1" name="demo.SampleTest" time="364.424" errors="0" timestamp="2025-06-20T13:50:26 IST" skipped="0">
  <testcase classname="demo.SampleTest" name="lunch" time="364.424">
    <system-out>
      <![CDATA[SampleTest class executed]]>
    </system-out>
  </testcase> <!-- lunch -->
  <system-out>
    <![CDATA[SampleTest class executed]]>
  </system-out>
</testsuite> <!-- demo.SampleTest -->
