<?xml version="1.0" encoding="UTF-8"?>
<!-- Generated by org.testng.reporters.JUnitReportReporter -->
<testsuite hostname="DESKTOP-GE4GJ1U" failures="0" tests="1" name="extentreport.createReport" time="2.922" errors="0" timestamp="2025-06-23T13:26:48 IST" skipped="0">
  <testcase classname="extentreport.createReport" name="createReports" time="2.922"/>
</testsuite> <!-- extentreport.createReport -->
