<?xml version="1.0" encoding="UTF-8"?>
<!-- Generated by org.testng.reporters.JUnitReportReporter -->
<testsuite hostname="DESKTOP-GE4GJ1U" failures="0" tests="1" name="extentreport.AddScreenShotIntoReport" time="36.927" errors="0" timestamp="2025-06-23T13:56:38 IST" skipped="0">
  <testcase classname="extentreport.AddScreenShotIntoReport" name="addScreenshot" time="36.927"/>
</testsuite> <!-- extentreport.AddScreenShotIntoReport -->
